<?xml version='1.0' encoding='UTF-8'?>
<!--
 This work is a derivative of "Flow123d-python-utils"
 (https://github.com/x3mSpeedy/Flow123d-python-utils) by Jan Hybš, used
 under CC BY 4.0 (https://creativecommons.org/licenses/by/4.0/).
 This work is licensed under CC BY 4.0 by b.nairobi.dev+gh@gmail.com.
-->
<coverage branch-rate="0.0903411009794" line-rate="0.176392989509" timestamp="1429612491" version="gcovr 3.2">
 <sources>
  <source>/home/builder/jenkins/F123-linux-coveragetest/flow123d</source>
 </sources>
 <packages>
  </packages>
</coverage>
